<?xml version="1.0" encoding="UTF-8" ?>
<testsuites>
 <testsuite name="leave game command" timestamp="2017-12-15T12:51:07" hostname="localhost" time="0" errors="0" tests="1" skipped="0" disabled="0" failures="0">
  <testcase classname="leave game command" name="should emit game left event" time="0" />
 </testsuite>
</testsuites>